<?xml version="1.0" encoding="UTF-8"?>
<!-- Generated by org.testng.reporters.JUnitXMLReporter -->
<testsuite hostname="Microsoft-PC" ignored="0" name="Login with valid Inputs" tests="24" failures="1" timestamp="22 Nov 2017 13:00:59 GMT" time="32.583" errors="0">
  <testcase name="login_Valid_Test" time="0.014" classname="SPRINT1_Login.DataDrivenTest"/>
  <testcase name="login_Valid_Test" time="0.002" classname="SPRINT1_Login.DataDrivenTest"/>
  <testcase name="login_Valid_Test" time="30.437" classname="SPRINT1_Login.DataDrivenTest">
    <failure type="java.lang.NullPointerException">
      <![CDATA[java.lang.NullPointerException
	at SPRINT1_Login.Login.valid_Login(Login.java:58)
	at SPRINT1_Login.DataDrivenTest.login_Valid_Test(DataDrivenTest.java:65)
... Removed 25 stack frames]]>
    </failure>
  </testcase> <!-- login_Valid_Test -->
  <testcase name="login_Valid_Test" time="0.011" classname="SPRINT1_Login.DataDrivenTest"/>
  <testcase name="login_Valid_Test" time="0.005" classname="SPRINT1_Login.DataDrivenTest"/>
  <testcase name="login_Valid_Test" time="0.002" classname="SPRINT1_Login.DataDrivenTest"/>
  <testcase name="login_Valid_Test" time="0.002" classname="SPRINT1_Login.DataDrivenTest"/>
  <testcase name="login_Valid_Test" time="0.004" classname="SPRINT1_Login.DataDrivenTest"/>
  <testcase name="login_Valid_Test" time="0.003" classname="SPRINT1_Login.DataDrivenTest"/>
  <testcase name="login_Valid_Test" time="0.006" classname="SPRINT1_Login.DataDrivenTest"/>
  <testcase name="login_Valid_Test" time="0.003" classname="SPRINT1_Login.DataDrivenTest"/>
  <testcase name="login_Valid_Test" time="0.005" classname="SPRINT1_Login.DataDrivenTest"/>
  <testcase name="login_Valid_Test" time="0.003" classname="SPRINT1_Login.DataDrivenTest"/>
  <testcase name="login_Valid_Test" time="0.003" classname="SPRINT1_Login.DataDrivenTest"/>
  <testcase name="login_Valid_Test" time="0.003" classname="SPRINT1_Login.DataDrivenTest"/>
  <testcase name="login_Valid_Test" time="0.051" classname="SPRINT1_Login.DataDrivenTest"/>
  <testcase name="login_Valid_Test" time="0.003" classname="SPRINT1_Login.DataDrivenTest"/>
  <testcase name="login_Valid_Test" time="0.003" classname="SPRINT1_Login.DataDrivenTest"/>
  <testcase name="login_Valid_Test" time="0.003" classname="SPRINT1_Login.DataDrivenTest"/>
  <testcase name="login_Valid_Test" time="0.002" classname="SPRINT1_Login.DataDrivenTest"/>
  <testcase name="login_Valid_Test" time="0.003" classname="SPRINT1_Login.DataDrivenTest"/>
  <testcase name="login_Valid_Test" time="0.017" classname="SPRINT1_Login.DataDrivenTest"/>
  <testcase name="login_Valid_Test" time="0.002" classname="SPRINT1_Login.DataDrivenTest"/>
  <testcase name="login_Valid_Test" time="0.002" classname="SPRINT1_Login.DataDrivenTest"/>
</testsuite> <!-- Login with valid Inputs -->
