<?xml version="1.0" encoding="UTF-8"?>
<testsuite name="Test"
           tests="186"
           failures="1"
           errors="0"
           skipped="0"
           time="2065.644">
  <properties />
            <testcase name="Login_ColorCheck" time="9.250" classname="SPRINT1_Login.DataDrivenTest">
                <failure type="java.lang.AssertionError"
                  message="Color Mismatch expected [rgba(184, 184, 184, 1)] but found [rgba(33, 37, 41, 1)]"
              >
<![CDATA[java.lang.AssertionError: Color Mismatch expected [rgba(184, 184, 184, 1)] but found [rgba(33, 37, 41, 1)]
  org.testng.Assert.fail(Assert.java:93)
  org.testng.Assert.failNotEquals(Assert.java:512)
  org.testng.Assert.assertEqualsImpl(Assert.java:134)
  org.testng.Assert.assertEquals(Assert.java:115)
  org.testng.Assert.assertEquals(Assert.java:189)
  SPRINT1_Login.Login.login_color_check(Login.java:1102)
  SPRINT1_Login.DataDrivenTest.Login_ColorCheck(DataDrivenTest.java:334)
  sun.reflect.GeneratedMethodAccessor8.invoke(Unknown Source)
  sun.reflect.DelegatingMethodAccessorImpl.invoke(Unknown Source)
  java.lang.reflect.Method.invoke(Unknown Source)
  org.testng.internal.MethodInvocationHelper.invokeMethod(MethodInvocationHelper.java:108)
  org.testng.internal.Invoker.invokeMethod(Invoker.java:669)
  org.testng.internal.Invoker.invokeTestMethod(Invoker.java:877)
  org.testng.internal.Invoker.invokeTestMethods(Invoker.java:1201)
  org.testng.internal.TestMethodWorker.invokeTestMethods(TestMethodWorker.java:125)
  org.testng.internal.TestMethodWorker.run(TestMethodWorker.java:109)
  org.testng.TestRunner.privateRun(TestRunner.java:776)
  org.testng.TestRunner.run(TestRunner.java:634)
  org.testng.SuiteRunner.runTest(SuiteRunner.java:425)
  org.testng.SuiteRunner.runSequentially(SuiteRunner.java:420)
  org.testng.SuiteRunner.privateRun(SuiteRunner.java:385)
  org.testng.SuiteRunner.run(SuiteRunner.java:334)
  org.testng.SuiteRunnerWorker.runSuite(SuiteRunnerWorker.java:52)
  org.testng.SuiteRunnerWorker.run(SuiteRunnerWorker.java:86)
  org.testng.TestNG.runSuitesSequentially(TestNG.java:1318)
  org.testng.TestNG.runSuitesLocally(TestNG.java:1243)
  org.testng.TestNG.runSuites(TestNG.java:1161)
  org.testng.TestNG.run(TestNG.java:1129)
  org.testng.remote.AbstractRemoteTestNG.run(AbstractRemoteTestNG.java:114)
  org.testng.remote.RemoteTestNG.initAndRun(RemoteTestNG.java:251)
  org.testng.remote.RemoteTestNG.main(RemoteTestNG.java:77)
]]>
      </failure>

          </testcase>
  
  
            <testcase name="Login_PasswordLimit" time="0.001" classname="SPRINT1_Login.DataDrivenTest" />
                <testcase name="Login_FontCheck" time="10.088" classname="SPRINT1_Login.DataDrivenTest" />
                <testcase name="Login_ColorCheck" time="10.954" classname="SPRINT1_Login.DataDrivenTest" />
                <testcase name="Login_SpellCheck" time="8.042" classname="SPRINT1_Login.DataDrivenTest" />
                <testcase name="Login_FontCheck" time="10.760" classname="SPRINT1_Login.DataDrivenTest" />
                <testcase name="Login_Valid" time="0.001" classname="SPRINT1_Login.DataDrivenTest" />
                <testcase name="Login_ColorCheck" time="8.876" classname="SPRINT1_Login.DataDrivenTest" />
                <testcase name="Login_Valid" time="0.002" classname="SPRINT1_Login.DataDrivenTest" />
                <testcase name="Login_InvalidEmail" time="15.612" classname="SPRINT1_Login.DataDrivenTest" />
                <testcase name="Login_SpellCheck" time="9.230" classname="SPRINT1_Login.DataDrivenTest" />
                <testcase name="Login_SpellCheck" time="8.985" classname="SPRINT1_Login.DataDrivenTest" />
                <testcase name="Login_Number" time="15.774" classname="SPRINT1_Login.DataDrivenTest" />
                <testcase name="Login_SpellCheck" time="10.212" classname="SPRINT1_Login.DataDrivenTest" />
                <testcase name="Login_FontCheck" time="8.961" classname="SPRINT1_Login.DataDrivenTest" />
                <testcase name="Login_SpellCheck" time="8.706" classname="SPRINT1_Login.DataDrivenTest" />
                <testcase name="Login_Valid" time="0.002" classname="SPRINT1_Login.DataDrivenTest" />
                <testcase name="Login_FontCheck" time="10.523" classname="SPRINT1_Login.DataDrivenTest" />
                <testcase name="Login_FontCheck" time="10.760" classname="SPRINT1_Login.DataDrivenTest" />
                <testcase name="Login_ColorCheck" time="10.783" classname="SPRINT1_Login.DataDrivenTest" />
                <testcase name="Login_ColorCheck" time="8.998" classname="SPRINT1_Login.DataDrivenTest" />
                <testcase name="Login_InvalidEmail" time="17.425" classname="SPRINT1_Login.DataDrivenTest" />
                <testcase name="Login_InvalidEmail" time="16.563" classname="SPRINT1_Login.DataDrivenTest" />
                <testcase name="Login_SpellCheck" time="8.338" classname="SPRINT1_Login.DataDrivenTest" />
                <testcase name="Login_ColorCheck" time="8.739" classname="SPRINT1_Login.DataDrivenTest" />
                <testcase name="Login_FontCheck" time="10.385" classname="SPRINT1_Login.DataDrivenTest" />
                <testcase name="Login_ColorCheck" time="9.656" classname="SPRINT1_Login.DataDrivenTest" />
                <testcase name="Login_ColorCheck" time="9.242" classname="SPRINT1_Login.DataDrivenTest" />
                <testcase name="Login_ColorCheck" time="10.283" classname="SPRINT1_Login.DataDrivenTest" />
                <testcase name="Login_FontCheck" time="10.772" classname="SPRINT1_Login.DataDrivenTest" />
                <testcase name="Login_SpellCheck" time="11.488" classname="SPRINT1_Login.DataDrivenTest" />
                <testcase name="Login_SpellCheck" time="10.567" classname="SPRINT1_Login.DataDrivenTest" />
                <testcase name="Login_FontCheck" time="10.499" classname="SPRINT1_Login.DataDrivenTest" />
                <testcase name="Login_InvalidEmail" time="16.278" classname="SPRINT1_Login.DataDrivenTest" />
                <testcase name="Login_ColorCheck" time="10.177" classname="SPRINT1_Login.DataDrivenTest" />
                <testcase name="Login_SpellCheck" time="8.966" classname="SPRINT1_Login.DataDrivenTest" />
                <testcase name="Login_Valid" time="0.040" classname="SPRINT1_Login.DataDrivenTest" />
                <testcase name="Login_FontCheck" time="13.024" classname="SPRINT1_Login.DataDrivenTest" />
                <testcase name="Login_Valid" time="0.001" classname="SPRINT1_Login.DataDrivenTest" />
                <testcase name="Login_ColorCheck" time="9.427" classname="SPRINT1_Login.DataDrivenTest" />
                <testcase name="Login_Valid" time="0.003" classname="SPRINT1_Login.DataDrivenTest" />
                <testcase name="Login_FontCheck" time="10.504" classname="SPRINT1_Login.DataDrivenTest" />
                <testcase name="Login_FontCheck" time="11.027" classname="SPRINT1_Login.DataDrivenTest" />
                <testcase name="Login_FontCheck" time="10.713" classname="SPRINT1_Login.DataDrivenTest" />
                <testcase name="Login_EmailBlank" time="55.834" classname="SPRINT1_Login.DataDrivenTest" />
                <testcase name="Login_SpellCheck" time="8.502" classname="SPRINT1_Login.DataDrivenTest" />
                <testcase name="Login_InvalidEmail" time="16.862" classname="SPRINT1_Login.DataDrivenTest" />
                <testcase name="Login_FontCheck" time="9.014" classname="SPRINT1_Login.DataDrivenTest" />
                <testcase name="Login_FontCheck" time="9.017" classname="SPRINT1_Login.DataDrivenTest" />
                <testcase name="Login_FontCheck" time="9.639" classname="SPRINT1_Login.DataDrivenTest" />
                <testcase name="Login_FontCheck" time="9.567" classname="SPRINT1_Login.DataDrivenTest" />
                <testcase name="Login_SpellCheck" time="7.886" classname="SPRINT1_Login.DataDrivenTest" />
                <testcase name="Login_SpellCheck" time="8.266" classname="SPRINT1_Login.DataDrivenTest" />
                <testcase name="Login_ColorCheck" time="8.518" classname="SPRINT1_Login.DataDrivenTest" />
                <testcase name="Login_ColorCheck" time="12.947" classname="SPRINT1_Login.DataDrivenTest" />
                <testcase name="Login_ColorCheck" time="8.664" classname="SPRINT1_Login.DataDrivenTest" />
                <testcase name="Login_Valid" time="0.003" classname="SPRINT1_Login.DataDrivenTest" />
                <testcase name="Login_SpellCheck" time="9.915" classname="SPRINT1_Login.DataDrivenTest" />
                <testcase name="Login_ColorCheck" time="9.175" classname="SPRINT1_Login.DataDrivenTest" />
                <testcase name="Login_FontCheck" time="10.876" classname="SPRINT1_Login.DataDrivenTest" />
                <testcase name="Login_ColorCheck" time="11.091" classname="SPRINT1_Login.DataDrivenTest" />
                <testcase name="Login_EmailBlank" time="19.424" classname="SPRINT1_Login.DataDrivenTest" />
                <testcase name="Login_InvalidEmail" time="18.429" classname="SPRINT1_Login.DataDrivenTest" />
                <testcase name="Login_Valid" time="0.035" classname="SPRINT1_Login.DataDrivenTest" />
                <testcase name="Login_ColorCheck" time="10.702" classname="SPRINT1_Login.DataDrivenTest" />
                <testcase name="Login_ColorCheck" time="12.283" classname="SPRINT1_Login.DataDrivenTest" />
                <testcase name="Login_ColorCheck" time="10.402" classname="SPRINT1_Login.DataDrivenTest" />
                <testcase name="Login_Valid" time="0.015" classname="SPRINT1_Login.DataDrivenTest" />
                <testcase name="Login_ColorCheck" time="10.345" classname="SPRINT1_Login.DataDrivenTest" />
                <testcase name="Login_InvalidEmail" time="16.285" classname="SPRINT1_Login.DataDrivenTest" />
                <testcase name="Login_InvalidEmail" time="20.093" classname="SPRINT1_Login.DataDrivenTest" />
                <testcase name="Login_SpellCheck" time="9.479" classname="SPRINT1_Login.DataDrivenTest" />
                <testcase name="Login_Valid" time="0.009" classname="SPRINT1_Login.DataDrivenTest" />
                <testcase name="Login_Valid" time="0.001" classname="SPRINT1_Login.DataDrivenTest" />
                <testcase name="Login_SpellCheck" time="7.879" classname="SPRINT1_Login.DataDrivenTest" />
                <testcase name="Login_SpellCheck" time="11.762" classname="SPRINT1_Login.DataDrivenTest" />
                <testcase name="Login_ColorCheck" time="11.980" classname="SPRINT1_Login.DataDrivenTest" />
                <testcase name="Login_ColorCheck" time="11.742" classname="SPRINT1_Login.DataDrivenTest" />
                <testcase name="Login_FontCheck" time="8.541" classname="SPRINT1_Login.DataDrivenTest" />
                <testcase name="Login_ColorCheck" time="9.907" classname="SPRINT1_Login.DataDrivenTest" />
                <testcase name="Login_ColorCheck" time="9.306" classname="SPRINT1_Login.DataDrivenTest" />
                <testcase name="Login_ColorCheck" time="9.275" classname="SPRINT1_Login.DataDrivenTest" />
                <testcase name="Login_FontCheck" time="8.922" classname="SPRINT1_Login.DataDrivenTest" />
                <testcase name="Login_FontCheck" time="10.876" classname="SPRINT1_Login.DataDrivenTest" />
                <testcase name="Login_Valid" time="0.015" classname="SPRINT1_Login.DataDrivenTest" />
                <testcase name="Login_FontCheck" time="9.227" classname="SPRINT1_Login.DataDrivenTest" />
                <testcase name="Login_FontCheck" time="10.275" classname="SPRINT1_Login.DataDrivenTest" />
                <testcase name="Login_ColorCheck" time="8.435" classname="SPRINT1_Login.DataDrivenTest" />
                <testcase name="Login_ColorCheck" time="8.248" classname="SPRINT1_Login.DataDrivenTest" />
                <testcase name="Login_FontCheck" time="9.153" classname="SPRINT1_Login.DataDrivenTest" />
                <testcase name="Login_FontCheck" time="9.110" classname="SPRINT1_Login.DataDrivenTest" />
                <testcase name="Login_ColorCheck" time="10.428" classname="SPRINT1_Login.DataDrivenTest" />
                <testcase name="Login_ColorCheck" time="20.118" classname="SPRINT1_Login.DataDrivenTest" />
                <testcase name="Login_ColorCheck" time="8.653" classname="SPRINT1_Login.DataDrivenTest" />
                <testcase name="Login_Valid" time="0.002" classname="SPRINT1_Login.DataDrivenTest" />
                <testcase name="Login_SpellCheck" time="12.381" classname="SPRINT1_Login.DataDrivenTest" />
                <testcase name="Login_InvalidEmail" time="21.523" classname="SPRINT1_Login.DataDrivenTest" />
                <testcase name="Login_Pwd_Blank" time="37.132" classname="SPRINT1_Login.DataDrivenTest" />
                <testcase name="Login_SpellCheck" time="259.572" classname="SPRINT1_Login.DataDrivenTest" />
                <testcase name="Login_SpellCheck" time="13.961" classname="SPRINT1_Login.DataDrivenTest" />
                <testcase name="Login_FontCheck" time="11.549" classname="SPRINT1_Login.DataDrivenTest" />
                <testcase name="Login_InvalidEmail" time="17.153" classname="SPRINT1_Login.DataDrivenTest" />
                <testcase name="Login_ColorCheck" time="8.775" classname="SPRINT1_Login.DataDrivenTest" />
                <testcase name="Login_Valid" time="0.002" classname="SPRINT1_Login.DataDrivenTest" />
                <testcase name="Login_FontCheck" time="12.130" classname="SPRINT1_Login.DataDrivenTest" />
                <testcase name="Login_SpellCheck" time="8.065" classname="SPRINT1_Login.DataDrivenTest" />
                <testcase name="Login_Valid" time="0.002" classname="SPRINT1_Login.DataDrivenTest" />
                <testcase name="Login_ColorCheck" time="9.141" classname="SPRINT1_Login.DataDrivenTest" />
                <testcase name="Login_ColorCheck" time="9.360" classname="SPRINT1_Login.DataDrivenTest" />
                <testcase name="Login_Valid" time="0.002" classname="SPRINT1_Login.DataDrivenTest" />
                <testcase name="Login_SpellCheck" time="9.710" classname="SPRINT1_Login.DataDrivenTest" />
                <testcase name="Login_ColorCheck" time="8.902" classname="SPRINT1_Login.DataDrivenTest" />
                <testcase name="Login_FontCheck" time="9.051" classname="SPRINT1_Login.DataDrivenTest" />
                <testcase name="Login_Valid" time="0.007" classname="SPRINT1_Login.DataDrivenTest" />
                <testcase name="Login_ColorCheck" time="11.886" classname="SPRINT1_Login.DataDrivenTest" />
                <testcase name="Login_SpellCheck" time="8.700" classname="SPRINT1_Login.DataDrivenTest" />
                <testcase name="Login_Valid" time="0.003" classname="SPRINT1_Login.DataDrivenTest" />
                <testcase name="Login_FontCheck" time="9.961" classname="SPRINT1_Login.DataDrivenTest" />
                <testcase name="Login_Valid" time="0.022" classname="SPRINT1_Login.DataDrivenTest" />
                <testcase name="Login_SpellCheck" time="9.221" classname="SPRINT1_Login.DataDrivenTest" />
                <testcase name="Login_FontCheck" time="11.420" classname="SPRINT1_Login.DataDrivenTest" />
                <testcase name="Login_SpellCheck" time="8.178" classname="SPRINT1_Login.DataDrivenTest" />
                <testcase name="Login_FontCheck" time="8.794" classname="SPRINT1_Login.DataDrivenTest" />
                <testcase name="Login_Valid" time="0.038" classname="SPRINT1_Login.DataDrivenTest" />
                <testcase name="Login_SpellCheck" time="9.509" classname="SPRINT1_Login.DataDrivenTest" />
                <testcase name="Login_PasswordLimit" time="0.002" classname="SPRINT1_Login.DataDrivenTest" />
                <testcase name="Login_ColorCheck" time="9.456" classname="SPRINT1_Login.DataDrivenTest" />
                <testcase name="Login_FontCheck" time="9.206" classname="SPRINT1_Login.DataDrivenTest" />
                <testcase name="Login_FontCheck" time="12.124" classname="SPRINT1_Login.DataDrivenTest" />
                <testcase name="Login_FontCheck" time="9.109" classname="SPRINT1_Login.DataDrivenTest" />
                <testcase name="Login_ColorCheck" time="9.819" classname="SPRINT1_Login.DataDrivenTest" />
                <testcase name="Login_Valid" time="0.017" classname="SPRINT1_Login.DataDrivenTest" />
                <testcase name="Login_InvalidEmail" time="18.887" classname="SPRINT1_Login.DataDrivenTest" />
                <testcase name="Login_ColorCheck" time="9.676" classname="SPRINT1_Login.DataDrivenTest" />
                <testcase name="Login_SpellCheck" time="10.314" classname="SPRINT1_Login.DataDrivenTest" />
                <testcase name="Login_ColorCheck" time="8.267" classname="SPRINT1_Login.DataDrivenTest" />
                <testcase name="Login_FontCheck" time="9.766" classname="SPRINT1_Login.DataDrivenTest" />
                <testcase name="Login_InvalidEmail" time="16.656" classname="SPRINT1_Login.DataDrivenTest" />
                <testcase name="Login_SpellCheck" time="8.245" classname="SPRINT1_Login.DataDrivenTest" />
                <testcase name="Login_ColorCheck" time="9.065" classname="SPRINT1_Login.DataDrivenTest" />
                <testcase name="Login_ColorCheck" time="8.971" classname="SPRINT1_Login.DataDrivenTest" />
                <testcase name="Login_FontCheck" time="8.532" classname="SPRINT1_Login.DataDrivenTest" />
                <testcase name="Login_Pwd_Blank" time="19.595" classname="SPRINT1_Login.DataDrivenTest" />
                <testcase name="Login_SpellCheck" time="10.370" classname="SPRINT1_Login.DataDrivenTest" />
                <testcase name="Login_FontCheck" time="15.923" classname="SPRINT1_Login.DataDrivenTest" />
                <testcase name="Login_PasswordLimit" time="0.001" classname="SPRINT1_Login.DataDrivenTest" />
                <testcase name="Login_FontCheck" time="9.458" classname="SPRINT1_Login.DataDrivenTest" />
                <testcase name="Login_ColorCheck" time="9.259" classname="SPRINT1_Login.DataDrivenTest" />
                <testcase name="Login_UnRegister" time="20.529" classname="SPRINT1_Login.DataDrivenTest" />
                <testcase name="Login_ColorCheck" time="12.702" classname="SPRINT1_Login.DataDrivenTest" />
                <testcase name="Login_ColorCheck" time="18.253" classname="SPRINT1_Login.DataDrivenTest" />
                <testcase name="Login_FontCheck" time="8.792" classname="SPRINT1_Login.DataDrivenTest" />
                <testcase name="Login_Valid" time="0.002" classname="SPRINT1_Login.DataDrivenTest" />
                <testcase name="Login_SpellCheck" time="13.254" classname="SPRINT1_Login.DataDrivenTest" />
                <testcase name="Login_FontCheck" time="11.204" classname="SPRINT1_Login.DataDrivenTest" />
                <testcase name="Login_Valid" time="0.002" classname="SPRINT1_Login.DataDrivenTest" />
                <testcase name="Login_InvalidEmail" time="20.954" classname="SPRINT1_Login.DataDrivenTest" />
                <testcase name="Login_Number" time="18.376" classname="SPRINT1_Login.DataDrivenTest" />
                <testcase name="Login_ColorCheck" time="10.758" classname="SPRINT1_Login.DataDrivenTest" />
                <testcase name="Login_ColorCheck" time="10.378" classname="SPRINT1_Login.DataDrivenTest" />
                <testcase name="Login_FontCheck" time="8.902" classname="SPRINT1_Login.DataDrivenTest" />
                <testcase name="Login_FontCheck" time="9.254" classname="SPRINT1_Login.DataDrivenTest" />
                <testcase name="Login_Valid" time="0.002" classname="SPRINT1_Login.DataDrivenTest" />
                <testcase name="Login_FontCheck" time="8.599" classname="SPRINT1_Login.DataDrivenTest" />
                <testcase name="Login_SpellCheck" time="12.480" classname="SPRINT1_Login.DataDrivenTest" />
                <testcase name="Login_FontCheck" time="16.997" classname="SPRINT1_Login.DataDrivenTest" />
                <testcase name="Login_UnRegister" time="17.505" classname="SPRINT1_Login.DataDrivenTest" />
                <testcase name="Login_SpellCheck" time="8.287" classname="SPRINT1_Login.DataDrivenTest" />
                <testcase name="Login_SpellCheck" time="9.527" classname="SPRINT1_Login.DataDrivenTest" />
                <testcase name="Login_ColorCheck" time="9.023" classname="SPRINT1_Login.DataDrivenTest" />
                <testcase name="Login_PasswordLimit" time="0.001" classname="SPRINT1_Login.DataDrivenTest" />
                <testcase name="Login_InvalidEmail" time="15.791" classname="SPRINT1_Login.DataDrivenTest" />
                <testcase name="Login_FontCheck" time="8.992" classname="SPRINT1_Login.DataDrivenTest" />
                <testcase name="Login_PasswordLimit" time="20.037" classname="SPRINT1_Login.DataDrivenTest" />
                <testcase name="Login_ColorCheck" time="9.420" classname="SPRINT1_Login.DataDrivenTest" />
                <testcase name="Login_ColorCheck" time="9.823" classname="SPRINT1_Login.DataDrivenTest" />
                <testcase name="Login_Valid" time="0.008" classname="SPRINT1_Login.DataDrivenTest" />
                <testcase name="Login_InvalidEmail" time="18.019" classname="SPRINT1_Login.DataDrivenTest" />
                <testcase name="Login_FontCheck" time="8.378" classname="SPRINT1_Login.DataDrivenTest" />
                <testcase name="Login_FontCheck" time="8.741" classname="SPRINT1_Login.DataDrivenTest" />
                <testcase name="Login_Valid" time="0.002" classname="SPRINT1_Login.DataDrivenTest" />
                <testcase name="Login_SpellCheck" time="7.947" classname="SPRINT1_Login.DataDrivenTest" />
                <testcase name="Login_ColorCheck" time="8.694" classname="SPRINT1_Login.DataDrivenTest" />
                <testcase name="Login_InvalidEmail" time="16.627" classname="SPRINT1_Login.DataDrivenTest" />
                <testcase name="Login_SpellCheck" time="10.740" classname="SPRINT1_Login.DataDrivenTest" />
                <testcase name="Login_Valid" time="0.007" classname="SPRINT1_Login.DataDrivenTest" />
      
</testsuite>
